<?xml version="1.0" encoding="UTF-8"?>
<testsuite xmlns:xsi="http://www.w3.org/2001/XMLSchema-instance" xsi:noNamespaceSchemaLocation="https://maven.apache.org/surefire/maven-surefire-plugin/xsd/surefire-test-report-3.0.xsd" version="3.0" name="com.pharmamap.backend.integration.AdminIntegrationTest" time="7.455" tests="5" errors="0" skipped="0" failures="0">
  <properties>
[...]
</properties>
  <testcase name="testTogglePharmacyStatus" classname="com.pharmamap.backend.integration.AdminIntegrationTest" time="1.062">
    <system-out><![CDATA[22:27:18.303 [main] INFO org.springframework.test.context.support.AnnotationConfigContextLoaderUtils -- Could not detect default configuration classes for test class [com.pharmamap.backend.integration.AdminIntegrationTest]: AdminIntegrationTest does not declare any static, non-private, non-final, nested classes annotated with @Configuration.
22:27:18.394 [main] INFO org.springframework.boot.test.context.SpringBootTestContextBootstrapper -- Found @SpringBootConfiguration com.pharmamap.backend.PharmaMapApplication for test class com.pharmamap.backend.integration.AdminIntegrationTest

  .   ____          _            __ _ _
 /\\ / ___'_ __ _ _(_)_ __  __ _ \ \ \ \
( ( )\___ | '_ | '_| | '_ \/ _` | \ \ \ \
 \\/  ___)| |_)| | | | | || (_| |  ) ) ) )
  '  |____| .__|_| |_|_| |_\__, | / / / /
 =========|_|==============|___/=/_/_/_/
 :: Spring Boot ::                (v3.2.5)

2026-03-14T22:27:18.722+05:30  INFO 23748 --- [pharmamap] [           main] c.p.b.integration.AdminIntegrationTest   : Starting AdminIntegrationTest using Java 21.0.9 with PID 23748 (started by suhai in D:\Projects\Web\PharmaMap\backend)
2026-03-14T22:27:18.724+05:30  INFO 23748 --- [pharmamap] [           main] c.p.b.integration.AdminIntegrationTest   : No active profile set, falling back to 1 default profile: "default"
2026-03-14T22:27:19.345+05:30  INFO 23748 --- [pharmamap] [           main] .s.d.r.c.RepositoryConfigurationDelegate : Bootstrapping Spring Data JPA repositories in DEFAULT mode.
2026-03-14T22:27:19.399+05:30  INFO 23748 --- [pharmamap] [           main] .s.d.r.c.RepositoryConfigurationDelegate : Finished Spring Data repository scanning in 47 ms. Found 4 JPA repository interfaces.
2026-03-14T22:27:19.900+05:30  INFO 23748 --- [pharmamap] [           main] o.hibernate.jpa.internal.util.LogHelper  : HHH000204: Processing PersistenceUnitInfo [name: default]
2026-03-14T22:27:19.986+05:30  INFO 23748 --- [pharmamap] [           main] org.hibernate.Version                    : HHH000412: Hibernate ORM core version 6.4.4.Final
2026-03-14T22:27:20.017+05:30  INFO 23748 --- [pharmamap] [           main] o.h.c.internal.RegionFactoryInitiator    : HHH000026: Second-level cache disabled
2026-03-14T22:27:20.287+05:30  INFO 23748 --- [pharmamap] [           main] o.s.o.j.p.SpringPersistenceUnitInfo      : No LoadTimeWeaver setup: ignoring JPA class transformer
2026-03-14T22:27:20.312+05:30  INFO 23748 --- [pharmamap] [           main] com.zaxxer.hikari.HikariDataSource       : HikariPool-1 - Starting...
2026-03-14T22:27:20.454+05:30  INFO 23748 --- [pharmamap] [           main] com.zaxxer.hikari.pool.HikariPool        : HikariPool-1 - Added connection com.mysql.cj.jdbc.ConnectionImpl@32b46831
2026-03-14T22:27:20.456+05:30  INFO 23748 --- [pharmamap] [           main] com.zaxxer.hikari.HikariDataSource       : HikariPool-1 - Start completed.
2026-03-14T22:27:20.494+05:30  WARN 23748 --- [pharmamap] [           main] org.hibernate.orm.deprecation            : HHH90000025: MySQLDialect does not need to be specified explicitly using 'hibernate.dialect' (remove the property setting and it will be selected by default)
2026-03-14T22:27:21.208+05:30  INFO 23748 --- [pharmamap] [           main] o.h.e.t.j.p.i.JtaPlatformInitiator       : HHH000489: No JTA platform available (set 'hibernate.transaction.jta.platform' to enable JTA platform integration)
Hibernate: 
    alter table pharmacies 
       add column is_active bit
2026-03-14T22:27:21.310+05:30  INFO 23748 --- [pharmamap] [           main] j.LocalContainerEntityManagerFactoryBean : Initialized JPA EntityManagerFactory for persistence unit 'default'
2026-03-14T22:27:21.692+05:30  INFO 23748 --- [pharmamap] [           main] o.s.d.j.r.query.QueryEnhancerFactory     : Hibernate is in classpath; If applicable, HQL parser will be used.
2026-03-14T22:27:22.374+05:30  WARN 23748 --- [pharmamap] [           main] JpaBaseConfiguration$JpaWebConfiguration : spring.jpa.open-in-view is enabled by default. Therefore, database queries may be performed during view rendering. Explicitly configure spring.jpa.open-in-view to disable this warning
2026-03-14T22:27:22.752+05:30  INFO 23748 --- [pharmamap] [           main] o.s.s.web.DefaultSecurityFilterChain     : Will secure any request with [org.springframework.security.web.session.DisableEncodeUrlFilter@73000a80, org.springframework.security.web.context.request.async.WebAsyncManagerIntegrationFilter@6169c15d, org.springframework.security.web.context.SecurityContextHolderFilter@52a2c66, org.springframework.security.web.header.HeaderWriterFilter@660d3831, org.springframework.web.filter.CorsFilter@4cf7f5d8, org.springframework.security.web.authentication.logout.LogoutFilter@55446d00, com.pharmamap.backend.security.JwtAuthenticationFilter@71a8a354, org.springframework.security.web.savedrequest.RequestCacheAwareFilter@70141128, org.springframework.security.web.servletapi.SecurityContextHolderAwareRequestFilter@5a14682d, org.springframework.security.web.authentication.AnonymousAuthenticationFilter@5a172b6c, org.springframework.security.web.session.SessionManagementFilter@1fc48b16, org.springframework.security.web.access.ExceptionTranslationFilter@1135f0c4, org.springframework.security.web.access.intercept.AuthorizationFilter@6bcf2683]
2026-03-14T22:27:23.147+05:30  INFO 23748 --- [pharmamap] [           main] o.s.b.t.m.w.SpringBootMockServletContext : Initializing Spring TestDispatcherServlet ''
2026-03-14T22:27:23.147+05:30  INFO 23748 --- [pharmamap] [           main] o.s.t.web.servlet.TestDispatcherServlet  : Initializing Servlet ''
2026-03-14T22:27:23.148+05:30  INFO 23748 --- [pharmamap] [           main] o.s.t.web.servlet.TestDispatcherServlet  : Completed initialization in 1 ms
2026-03-14T22:27:23.167+05:30  INFO 23748 --- [pharmamap] [           main] c.p.b.integration.AdminIntegrationTest   : Started AdminIntegrationTest in 4.642 seconds (process running for 5.454)
Hibernate: 
    select
        u1_0.id 
    from
        users u1_0 
    where
        u1_0.email=? 
    limit
        ?
Hibernate: 
    insert 
    into
        users
        (created_at, email, name, password_hash, phone, role, updated_at) 
    values
        (?, ?, ?, ?, ?, ?, ?)
Hibernate: 
    select
        u1_0.id 
    from
        users u1_0 
    where
        u1_0.email=? 
    limit
        ?
Hibernate: 
    insert 
    into
        users
        (created_at, email, name, password_hash, phone, role, updated_at) 
    values
        (?, ?, ?, ?, ?, ?, ?)
Hibernate: 
    select
        u1_0.id 
    from
        users u1_0 
    where
        u1_0.email=? 
    limit
        ?
Hibernate: 
    insert 
    into
        users
        (created_at, email, name, password_hash, phone, role, updated_at) 
    values
        (?, ?, ?, ?, ?, ?, ?)
Hibernate: 
    insert 
    into
        pharmacies
        (address, city, created_at, is_active, is_verified, latitude, license_number, longitude, name, owner_id, phone, pincode) 
    values
        (?, ?, ?, ?, ?, ?, ?, ?, ?, ?, ?, ?)
Hibernate: 
    select
        u1_0.id,
        u1_0.created_at,
        u1_0.email,
        u1_0.name,
        u1_0.password_hash,
        u1_0.phone,
        u1_0.role,
        u1_0.updated_at 
    from
        users u1_0 
    where
        u1_0.email=?
Hibernate: 
    select
        u1_0.id,
        u1_0.created_at,
        u1_0.email,
        u1_0.name,
        u1_0.password_hash,
        u1_0.phone,
        u1_0.role,
        u1_0.updated_at 
    from
        users u1_0 
    where
        u1_0.email=?
Hibernate: 
    select
        u1_0.id,
        u1_0.created_at,
        u1_0.email,
        u1_0.name,
        u1_0.password_hash,
        u1_0.phone,
        u1_0.role,
        u1_0.updated_at 
    from
        users u1_0 
    where
        u1_0.email=?
Hibernate: 
    select
        u1_0.id,
        u1_0.created_at,
        u1_0.email,
        u1_0.name,
        u1_0.password_hash,
        u1_0.phone,
        u1_0.role,
        u1_0.updated_at 
    from
        users u1_0 
    where
        u1_0.email=?
Hibernate: 
    select
        p1_0.id,
        p1_0.address,
        p1_0.city,
        p1_0.created_at,
        p1_0.is_active,
        p1_0.is_verified,
        p1_0.latitude,
        p1_0.license_number,
        p1_0.longitude,
        p1_0.name,
        p1_0.owner_id,
        p1_0.phone,
        p1_0.pincode 
    from
        pharmacies p1_0 
    where
        upper(p1_0.name) like upper(?) escape '\\'
Hibernate: 
    select
        u1_0.id,
        u1_0.created_at,
        u1_0.email,
        u1_0.name,
        u1_0.password_hash,
        u1_0.phone,
        u1_0.role,
        u1_0.updated_at 
    from
        users u1_0 
    where
        u1_0.email=?
]]></system-out>
    <system-err><![CDATA[WARNING: A Java agent has been loaded dynamically (C:\Users\suhai\.m2\repository\net\bytebuddy\byte-buddy-agent\1.14.13\byte-buddy-agent-1.14.13.jar)
WARNING: If a serviceability tool is in use, please run with -XX:+EnableDynamicAgentLoading to hide this warning
WARNING: If a serviceability tool is not in use, please run with -Djdk.instrument.traceUsage for more information
WARNING: Dynamic loading of agents will be disallowed by default in a future release
]]></system-err>
  </testcase>
  <testcase name="testApprovePharmacy" classname="com.pharmamap.backend.integration.AdminIntegrationTest" time="0.332">
    <system-out><![CDATA[Hibernate: 
    select
        u1_0.id 
    from
        users u1_0 
    where
        u1_0.email=? 
    limit
        ?
Hibernate: 
    insert 
    into
        users
        (created_at, email, name, password_hash, phone, role, updated_at) 
    values
        (?, ?, ?, ?, ?, ?, ?)
Hibernate: 
    select
        u1_0.id 
    from
        users u1_0 
    where
        u1_0.email=? 
    limit
        ?
Hibernate: 
    insert 
    into
        users
        (created_at, email, name, password_hash, phone, role, updated_at) 
    values
        (?, ?, ?, ?, ?, ?, ?)
Hibernate: 
    select
        u1_0.id 
    from
        users u1_0 
    where
        u1_0.email=? 
    limit
        ?
Hibernate: 
    insert 
    into
        users
        (created_at, email, name, password_hash, phone, role, updated_at) 
    values
        (?, ?, ?, ?, ?, ?, ?)
Hibernate: 
    insert 
    into
        pharmacies
        (address, city, created_at, is_active, is_verified, latitude, license_number, longitude, name, owner_id, phone, pincode) 
    values
        (?, ?, ?, ?, ?, ?, ?, ?, ?, ?, ?, ?)
Hibernate: 
    select
        u1_0.id,
        u1_0.created_at,
        u1_0.email,
        u1_0.name,
        u1_0.password_hash,
        u1_0.phone,
        u1_0.role,
        u1_0.updated_at 
    from
        users u1_0 
    where
        u1_0.email=?
Hibernate: 
    select
        u1_0.id,
        u1_0.created_at,
        u1_0.email,
        u1_0.name,
        u1_0.password_hash,
        u1_0.phone,
        u1_0.role,
        u1_0.updated_at 
    from
        users u1_0 
    where
        u1_0.email=?
Hibernate: 
    select
        u1_0.id,
        u1_0.created_at,
        u1_0.email,
        u1_0.name,
        u1_0.password_hash,
        u1_0.phone,
        u1_0.role,
        u1_0.updated_at 
    from
        users u1_0 
    where
        u1_0.email=?
Hibernate: 
    select
        u1_0.id,
        u1_0.created_at,
        u1_0.email,
        u1_0.name,
        u1_0.password_hash,
        u1_0.phone,
        u1_0.role,
        u1_0.updated_at 
    from
        users u1_0 
    where
        u1_0.email=?
Hibernate: 
    select
        p1_0.id,
        p1_0.address,
        p1_0.city,
        p1_0.created_at,
        p1_0.is_active,
        p1_0.is_verified,
        p1_0.latitude,
        p1_0.license_number,
        p1_0.longitude,
        p1_0.name,
        p1_0.owner_id,
        p1_0.phone,
        p1_0.pincode 
    from
        pharmacies p1_0 
    where
        upper(p1_0.name) like upper(?) escape '\\'
Hibernate: 
    select
        u1_0.id,
        u1_0.created_at,
        u1_0.email,
        u1_0.name,
        u1_0.password_hash,
        u1_0.phone,
        u1_0.role,
        u1_0.updated_at 
    from
        users u1_0 
    where
        u1_0.email=?
]]></system-out>
  </testcase>
  <testcase name="testGetPlatformStatistics" classname="com.pharmamap.backend.integration.AdminIntegrationTest" time="0.361">
    <system-out><![CDATA[Hibernate: 
    select
        u1_0.id 
    from
        users u1_0 
    where
        u1_0.email=? 
    limit
        ?
Hibernate: 
    insert 
    into
        users
        (created_at, email, name, password_hash, phone, role, updated_at) 
    values
        (?, ?, ?, ?, ?, ?, ?)
Hibernate: 
    select
        u1_0.id 
    from
        users u1_0 
    where
        u1_0.email=? 
    limit
        ?
Hibernate: 
    insert 
    into
        users
        (created_at, email, name, password_hash, phone, role, updated_at) 
    values
        (?, ?, ?, ?, ?, ?, ?)
Hibernate: 
    select
        u1_0.id 
    from
        users u1_0 
    where
        u1_0.email=? 
    limit
        ?
Hibernate: 
    insert 
    into
        users
        (created_at, email, name, password_hash, phone, role, updated_at) 
    values
        (?, ?, ?, ?, ?, ?, ?)
Hibernate: 
    insert 
    into
        pharmacies
        (address, city, created_at, is_active, is_verified, latitude, license_number, longitude, name, owner_id, phone, pincode) 
    values
        (?, ?, ?, ?, ?, ?, ?, ?, ?, ?, ?, ?)
Hibernate: 
    select
        u1_0.id,
        u1_0.created_at,
        u1_0.email,
        u1_0.name,
        u1_0.password_hash,
        u1_0.phone,
        u1_0.role,
        u1_0.updated_at 
    from
        users u1_0 
    where
        u1_0.email=?
Hibernate: 
    select
        u1_0.id,
        u1_0.created_at,
        u1_0.email,
        u1_0.name,
        u1_0.password_hash,
        u1_0.phone,
        u1_0.role,
        u1_0.updated_at 
    from
        users u1_0 
    where
        u1_0.email=?
Hibernate: 
    select
        u1_0.id,
        u1_0.created_at,
        u1_0.email,
        u1_0.name,
        u1_0.password_hash,
        u1_0.phone,
        u1_0.role,
        u1_0.updated_at 
    from
        users u1_0 
    where
        u1_0.email=?
Hibernate: 
    select
        u1_0.id,
        u1_0.created_at,
        u1_0.email,
        u1_0.name,
        u1_0.password_hash,
        u1_0.phone,
        u1_0.role,
        u1_0.updated_at 
    from
        users u1_0 
    where
        u1_0.email=?
Hibernate: 
    select
        p1_0.id,
        p1_0.address,
        p1_0.city,
        p1_0.created_at,
        p1_0.is_active,
        p1_0.is_verified,
        p1_0.latitude,
        p1_0.license_number,
        p1_0.longitude,
        p1_0.name,
        p1_0.owner_id,
        p1_0.phone,
        p1_0.pincode 
    from
        pharmacies p1_0 
    where
        upper(p1_0.name) like upper(?) escape '\\'
Hibernate: 
    select
        u1_0.id,
        u1_0.created_at,
        u1_0.email,
        u1_0.name,
        u1_0.password_hash,
        u1_0.phone,
        u1_0.role,
        u1_0.updated_at 
    from
        users u1_0 
    where
        u1_0.email=?
Hibernate: 
    select
        count(*) 
    from
        users u1_0
Hibernate: 
    select
        count(*) 
    from
        pharmacies p1_0
Hibernate: 
    select
        count(*) 
    from
        medicines m1_0
Hibernate: 
    select
        count(*) 
    from
        inventory i1_0
Hibernate: 
    select
        p1_0.id,
        p1_0.address,
        p1_0.city,
        p1_0.created_at,
        p1_0.is_active,
        p1_0.is_verified,
        p1_0.latitude,
        p1_0.license_number,
        p1_0.longitude,
        p1_0.name,
        p1_0.owner_id,
        p1_0.phone,
        p1_0.pincode 
    from
        pharmacies p1_0
Hibernate: 
    select
        p1_0.id,
        p1_0.address,
        p1_0.city,
        p1_0.created_at,
        p1_0.is_active,
        p1_0.is_verified,
        p1_0.latitude,
        p1_0.license_number,
        p1_0.longitude,
        p1_0.name,
        p1_0.owner_id,
        p1_0.phone,
        p1_0.pincode 
    from
        pharmacies p1_0
]]></system-out>
  </testcase>
  <testcase name="testAdminAccessRestricted" classname="com.pharmamap.backend.integration.AdminIntegrationTest" time="0.329">
    <system-out><![CDATA[Hibernate: 
    select
        u1_0.id 
    from
        users u1_0 
    where
        u1_0.email=? 
    limit
        ?
Hibernate: 
    insert 
    into
        users
        (created_at, email, name, password_hash, phone, role, updated_at) 
    values
        (?, ?, ?, ?, ?, ?, ?)
Hibernate: 
    select
        u1_0.id 
    from
        users u1_0 
    where
        u1_0.email=? 
    limit
        ?
Hibernate: 
    insert 
    into
        users
        (created_at, email, name, password_hash, phone, role, updated_at) 
    values
        (?, ?, ?, ?, ?, ?, ?)
Hibernate: 
    select
        u1_0.id 
    from
        users u1_0 
    where
        u1_0.email=? 
    limit
        ?
Hibernate: 
    insert 
    into
        users
        (created_at, email, name, password_hash, phone, role, updated_at) 
    values
        (?, ?, ?, ?, ?, ?, ?)
Hibernate: 
    insert 
    into
        pharmacies
        (address, city, created_at, is_active, is_verified, latitude, license_number, longitude, name, owner_id, phone, pincode) 
    values
        (?, ?, ?, ?, ?, ?, ?, ?, ?, ?, ?, ?)
Hibernate: 
    select
        u1_0.id,
        u1_0.created_at,
        u1_0.email,
        u1_0.name,
        u1_0.password_hash,
        u1_0.phone,
        u1_0.role,
        u1_0.updated_at 
    from
        users u1_0 
    where
        u1_0.email=?
Hibernate: 
    select
        u1_0.id,
        u1_0.created_at,
        u1_0.email,
        u1_0.name,
        u1_0.password_hash,
        u1_0.phone,
        u1_0.role,
        u1_0.updated_at 
    from
        users u1_0 
    where
        u1_0.email=?
Hibernate: 
    select
        u1_0.id,
        u1_0.created_at,
        u1_0.email,
        u1_0.name,
        u1_0.password_hash,
        u1_0.phone,
        u1_0.role,
        u1_0.updated_at 
    from
        users u1_0 
    where
        u1_0.email=?
Hibernate: 
    select
        u1_0.id,
        u1_0.created_at,
        u1_0.email,
        u1_0.name,
        u1_0.password_hash,
        u1_0.phone,
        u1_0.role,
        u1_0.updated_at 
    from
        users u1_0 
    where
        u1_0.email=?
Hibernate: 
    select
        p1_0.id,
        p1_0.address,
        p1_0.city,
        p1_0.created_at,
        p1_0.is_active,
        p1_0.is_verified,
        p1_0.latitude,
        p1_0.license_number,
        p1_0.longitude,
        p1_0.name,
        p1_0.owner_id,
        p1_0.phone,
        p1_0.pincode 
    from
        pharmacies p1_0 
    where
        upper(p1_0.name) like upper(?) escape '\\'
Hibernate: 
    select
        u1_0.id,
        u1_0.created_at,
        u1_0.email,
        u1_0.name,
        u1_0.password_hash,
        u1_0.phone,
        u1_0.role,
        u1_0.updated_at 
    from
        users u1_0 
    where
        u1_0.email=?
]]></system-out>
  </testcase>
  <testcase name="testAdminGetPharmacies" classname="com.pharmamap.backend.integration.AdminIntegrationTest" time="0.342">
    <system-out><![CDATA[Hibernate: 
    select
        u1_0.id 
    from
        users u1_0 
    where
        u1_0.email=? 
    limit
        ?
Hibernate: 
    insert 
    into
        users
        (created_at, email, name, password_hash, phone, role, updated_at) 
    values
        (?, ?, ?, ?, ?, ?, ?)
Hibernate: 
    select
        u1_0.id 
    from
        users u1_0 
    where
        u1_0.email=? 
    limit
        ?
Hibernate: 
    insert 
    into
        users
        (created_at, email, name, password_hash, phone, role, updated_at) 
    values
        (?, ?, ?, ?, ?, ?, ?)
Hibernate: 
    select
        u1_0.id 
    from
        users u1_0 
    where
        u1_0.email=? 
    limit
        ?
Hibernate: 
    insert 
    into
        users
        (created_at, email, name, password_hash, phone, role, updated_at) 
    values
        (?, ?, ?, ?, ?, ?, ?)
Hibernate: 
    insert 
    into
        pharmacies
        (address, city, created_at, is_active, is_verified, latitude, license_number, longitude, name, owner_id, phone, pincode) 
    values
        (?, ?, ?, ?, ?, ?, ?, ?, ?, ?, ?, ?)
Hibernate: 
    select
        u1_0.id,
        u1_0.created_at,
        u1_0.email,
        u1_0.name,
        u1_0.password_hash,
        u1_0.phone,
        u1_0.role,
        u1_0.updated_at 
    from
        users u1_0 
    where
        u1_0.email=?
Hibernate: 
    select
        u1_0.id,
        u1_0.created_at,
        u1_0.email,
        u1_0.name,
        u1_0.password_hash,
        u1_0.phone,
        u1_0.role,
        u1_0.updated_at 
    from
        users u1_0 
    where
        u1_0.email=?
Hibernate: 
    select
        u1_0.id,
        u1_0.created_at,
        u1_0.email,
        u1_0.name,
        u1_0.password_hash,
        u1_0.phone,
        u1_0.role,
        u1_0.updated_at 
    from
        users u1_0 
    where
        u1_0.email=?
Hibernate: 
    select
        u1_0.id,
        u1_0.created_at,
        u1_0.email,
        u1_0.name,
        u1_0.password_hash,
        u1_0.phone,
        u1_0.role,
        u1_0.updated_at 
    from
        users u1_0 
    where
        u1_0.email=?
Hibernate: 
    select
        p1_0.id,
        p1_0.address,
        p1_0.city,
        p1_0.created_at,
        p1_0.is_active,
        p1_0.is_verified,
        p1_0.latitude,
        p1_0.license_number,
        p1_0.longitude,
        p1_0.name,
        p1_0.owner_id,
        p1_0.phone,
        p1_0.pincode 
    from
        pharmacies p1_0 
    where
        upper(p1_0.name) like upper(?) escape '\\'
Hibernate: 
    select
        u1_0.id,
        u1_0.created_at,
        u1_0.email,
        u1_0.name,
        u1_0.password_hash,
        u1_0.phone,
        u1_0.role,
        u1_0.updated_at 
    from
        users u1_0 
    where
        u1_0.email=?
Hibernate: 
    select
        p1_0.id,
        p1_0.address,
        p1_0.city,
        p1_0.created_at,
        p1_0.is_active,
        p1_0.is_verified,
        p1_0.latitude,
        p1_0.license_number,
        p1_0.longitude,
        p1_0.name,
        p1_0.owner_id,
        p1_0.phone,
        p1_0.pincode 
    from
        pharmacies p1_0
Hibernate: 
    select
        u1_0.id,
        u1_0.created_at,
        u1_0.email,
        u1_0.name,
        u1_0.password_hash,
        u1_0.phone,
        u1_0.role,
        u1_0.updated_at 
    from
        users u1_0 
    where
        u1_0.id=?
]]></system-out>
  </testcase>
</testsuite>